  BIldverarbeitung fertig.cpp
C:\Users\lenna\OneDrive\Desktop\Studium\informatik\Labor\BIldverarbeitung fertig\BIldverarbeitung fertig\BIldverarbeitung fertig.cpp(77,10): warning C4114: Der gleiche Typqualifizierer wurde mehrmals verwendet
C:\Users\lenna\OneDrive\Desktop\Studium\informatik\Labor\BIldverarbeitung fertig\BIldverarbeitung fertig\BIldverarbeitung fertig.cpp(88,10): warning C4114: Der gleiche Typqualifizierer wurde mehrmals verwendet
C:\Users\lenna\OneDrive\Desktop\Studium\informatik\Labor\BIldverarbeitung fertig\BIldverarbeitung fertig\BIldverarbeitung fertig.cpp(136,17): warning C4018: ">=": Konflikt zwischen "signed" und "unsigned"
C:\Users\lenna\OneDrive\Desktop\Studium\informatik\Labor\BIldverarbeitung fertig\BIldverarbeitung fertig\BIldverarbeitung fertig.cpp(136,44): warning C4018: ">=": Konflikt zwischen "signed" und "unsigned"
C:\Users\lenna\OneDrive\Desktop\Studium\informatik\Labor\BIldverarbeitung fertig\BIldverarbeitung fertig\BIldverarbeitung fertig.cpp(157,18): warning C4018: "<": Konflikt zwischen "signed" und "unsigned"
C:\Users\lenna\OneDrive\Desktop\Studium\informatik\Labor\BIldverarbeitung fertig\BIldverarbeitung fertig\BIldverarbeitung fertig.cpp(157,47): warning C4018: "<": Konflikt zwischen "signed" und "unsigned"
C:\Users\lenna\OneDrive\Desktop\Studium\informatik\Labor\BIldverarbeitung fertig\BIldverarbeitung fertig\BIldverarbeitung fertig.cpp(183,20): warning C4018: "<": Konflikt zwischen "signed" und "unsigned"
C:\Users\lenna\OneDrive\Desktop\Studium\informatik\Labor\BIldverarbeitung fertig\BIldverarbeitung fertig\BIldverarbeitung fertig.cpp(185,21): warning C4018: "<": Konflikt zwischen "signed" und "unsigned"
C:\Users\lenna\OneDrive\Desktop\Studium\informatik\Labor\BIldverarbeitung fertig\BIldverarbeitung fertig\BIldverarbeitung fertig.cpp(198,22): warning C4244: "+=": Konvertierung von "float" in "int", möglicher Datenverlust
C:\Users\lenna\OneDrive\Desktop\Studium\informatik\Labor\BIldverarbeitung fertig\BIldverarbeitung fertig\BIldverarbeitung fertig.cpp(199,22): warning C4244: "+=": Konvertierung von "float" in "int", möglicher Datenverlust
C:\Users\lenna\OneDrive\Desktop\Studium\informatik\Labor\BIldverarbeitung fertig\BIldverarbeitung fertig\BIldverarbeitung fertig.cpp(209,12): warning C4244: "Initialisierung": Konvertierung von "double" in "float", möglicher Datenverlust
C:\Users\lenna\OneDrive\Desktop\Studium\informatik\Labor\BIldverarbeitung fertig\BIldverarbeitung fertig\BIldverarbeitung fertig.cpp(215,26): warning C4244: "Argument": Konvertierung von "float" in "unsigned char", möglicher Datenverlust
C:\Users\lenna\OneDrive\Desktop\Studium\informatik\Labor\BIldverarbeitung fertig\BIldverarbeitung fertig\BIldverarbeitung fertig.cpp(230,26): warning C4305: "Initialisierung": Verkürzung von "double" in "float"
C:\Users\lenna\OneDrive\Desktop\Studium\informatik\Labor\BIldverarbeitung fertig\BIldverarbeitung fertig\BIldverarbeitung fertig.cpp(230,32): warning C4305: "Initialisierung": Verkürzung von "double" in "float"
C:\Users\lenna\OneDrive\Desktop\Studium\informatik\Labor\BIldverarbeitung fertig\BIldverarbeitung fertig\BIldverarbeitung fertig.cpp(230,38): warning C4305: "Initialisierung": Verkürzung von "double" in "float"
C:\Users\lenna\OneDrive\Desktop\Studium\informatik\Labor\BIldverarbeitung fertig\BIldverarbeitung fertig\BIldverarbeitung fertig.cpp(230,49): warning C4305: "Initialisierung": Verkürzung von "double" in "float"
C:\Users\lenna\OneDrive\Desktop\Studium\informatik\Labor\BIldverarbeitung fertig\BIldverarbeitung fertig\BIldverarbeitung fertig.cpp(230,55): warning C4305: "Initialisierung": Verkürzung von "double" in "float"
C:\Users\lenna\OneDrive\Desktop\Studium\informatik\Labor\BIldverarbeitung fertig\BIldverarbeitung fertig\BIldverarbeitung fertig.cpp(230,61): warning C4305: "Initialisierung": Verkürzung von "double" in "float"
C:\Users\lenna\OneDrive\Desktop\Studium\informatik\Labor\BIldverarbeitung fertig\BIldverarbeitung fertig\BIldverarbeitung fertig.cpp(230,72): warning C4305: "Initialisierung": Verkürzung von "double" in "float"
C:\Users\lenna\OneDrive\Desktop\Studium\informatik\Labor\BIldverarbeitung fertig\BIldverarbeitung fertig\BIldverarbeitung fertig.cpp(230,78): warning C4305: "Initialisierung": Verkürzung von "double" in "float"
C:\Users\lenna\OneDrive\Desktop\Studium\informatik\Labor\BIldverarbeitung fertig\BIldverarbeitung fertig\BIldverarbeitung fertig.cpp(230,84): warning C4305: "Initialisierung": Verkürzung von "double" in "float"
C:\Users\lenna\OneDrive\Desktop\Studium\informatik\Labor\BIldverarbeitung fertig\BIldverarbeitung fertig\BIldverarbeitung fertig.cpp(231,26): warning C4305: "Initialisierung": Verkürzung von "double" in "float"
C:\Users\lenna\OneDrive\Desktop\Studium\informatik\Labor\BIldverarbeitung fertig\BIldverarbeitung fertig\BIldverarbeitung fertig.cpp(231,32): warning C4305: "Initialisierung": Verkürzung von "double" in "float"
C:\Users\lenna\OneDrive\Desktop\Studium\informatik\Labor\BIldverarbeitung fertig\BIldverarbeitung fertig\BIldverarbeitung fertig.cpp(231,38): warning C4305: "Initialisierung": Verkürzung von "double" in "float"
C:\Users\lenna\OneDrive\Desktop\Studium\informatik\Labor\BIldverarbeitung fertig\BIldverarbeitung fertig\BIldverarbeitung fertig.cpp(231,49): warning C4305: "Initialisierung": Verkürzung von "double" in "float"
C:\Users\lenna\OneDrive\Desktop\Studium\informatik\Labor\BIldverarbeitung fertig\BIldverarbeitung fertig\BIldverarbeitung fertig.cpp(231,55): warning C4305: "Initialisierung": Verkürzung von "double" in "float"
C:\Users\lenna\OneDrive\Desktop\Studium\informatik\Labor\BIldverarbeitung fertig\BIldverarbeitung fertig\BIldverarbeitung fertig.cpp(231,61): warning C4305: "Initialisierung": Verkürzung von "double" in "float"
C:\Users\lenna\OneDrive\Desktop\Studium\informatik\Labor\BIldverarbeitung fertig\BIldverarbeitung fertig\BIldverarbeitung fertig.cpp(231,72): warning C4305: "Initialisierung": Verkürzung von "double" in "float"
C:\Users\lenna\OneDrive\Desktop\Studium\informatik\Labor\BIldverarbeitung fertig\BIldverarbeitung fertig\BIldverarbeitung fertig.cpp(231,78): warning C4305: "Initialisierung": Verkürzung von "double" in "float"
C:\Users\lenna\OneDrive\Desktop\Studium\informatik\Labor\BIldverarbeitung fertig\BIldverarbeitung fertig\BIldverarbeitung fertig.cpp(231,84): warning C4305: "Initialisierung": Verkürzung von "double" in "float"
  LINK : C:\Users\lenna\OneDrive\Desktop\Studium\informatik\Labor\BIldverarbeitung fertig\x64\Debug\BIldverarbeitung fertig.exe wurde nicht gefunden oder beim letzten inkrementellen Linkvorgang nicht erstellt; vollständiger Link wird durchgeführt.
  BIldverarbeitung fertig.vcxproj -> C:\Users\lenna\OneDrive\Desktop\Studium\informatik\Labor\BIldverarbeitung fertig\x64\Debug\BIldverarbeitung fertig.exe
